<?xml version="1.0" encoding="UTF-8"?>
<!-- Generated by org.testng.reporters.JUnitXMLReporter -->
<testsuite hostname="DESKTOP-7JQVQLB" failures="0" tests="11" name="Default test" time="162.389" errors="0" timestamp="29 Feb 2024 14:18:19 GMT">
  <testcase classname="project_datadriven_testng.Pulling_Data" name="login_test" time="12.469"/>
  <testcase classname="project_datadriven_testng.Pulling_Data" name="login_test" time="12.164"/>
  <testcase classname="project_datadriven_testng.Pulling_Data" name="login_test" time="12.232"/>
  <testcase classname="project_datadriven_testng.Pulling_Data" name="login_test" time="12.126"/>
  <testcase classname="project_datadriven_testng.Pulling_Data" name="login_test" time="12.078"/>
  <testcase classname="project_datadriven_testng.Pulling_Data" name="login_test" time="12.008"/>
  <testcase classname="project_datadriven_testng.Pulling_Data" name="login_test" time="12.018"/>
  <testcase classname="project_datadriven_testng.Pulling_Data" name="login_test" time="12.013"/>
  <testcase classname="project_datadriven_testng.Pulling_Data" name="login_test" time="12.044"/>
  <testcase classname="project_datadriven_testng.Pulling_Data" name="login_test" time="11.968"/>
  <testcase classname="project_datadriven_testng.Pulling_Data" name="login" time="35.604"/>
</testsuite> <!-- Default test -->
